RED
command: python3 -m pytest -p no:cacheprovider --runxfail -q quality/tests/test_bug_004_readme_port_rule.py::test_bug_004_readme_must_not_hardcode_localhost_3000
exit_code: 1
---
F                                                                        [100%]
=================================== FAILURES ===================================
_____________ test_bug_004_readme_must_not_hardcode_localhost_3000 _____________

    @pytest.mark.xfail(strict=True, reason="BUG-004: remove marker after applying quality/patches/BUG-004-fix.patch")
    def test_bug_004_readme_must_not_hardcode_localhost_3000() -> None:
        readme = (ROOT / "README.md").read_text(encoding="utf-8").lower()
>       assert "localhost:3000" not in readme
E       assert 'localhost:3000' not in '<a href="ht...th/nextjs)\n'
E         
E         'localhost:3000' is contained here:
E           nning on [localhost:3000](http://localhost:3000/).
E         ?           ++++++++++++++
E           
E           6. this template comes with the default shadcn/ui style initialized. if you instead want other ui.shadcn styles, delete `components.json` and [re-install shadcn/ui](https://ui.shadcn.com/docs/installation/next)
E           ...
E         
E         ...Full output truncated (11 lines hidden), use '-vv' to show

quality/tests/test_bug_004_readme_port_rule.py:12: AssertionError
=========================== short test summary info ============================
FAILED quality/tests/test_bug_004_readme_port_rule.py::test_bug_004_readme_must_not_hardcode_localhost_3000
1 failed in 0.02s
