[Step 6.1] Mechanical verification: PASS (exit 0)
[Step 6.2] quality_gate.py: PASS (exit 0) — 95 checks passed,  FAIL,  WARN
[Step 6.3] Functional tests: FAIL (exit 2) — =============================== 1 error in 0.71s ===============================
[Step 6.3] Functional tests: FAIL (exit 2) — =============================== 1 error in 0.17s =============================== (PYTHONPATH=python)
[Step 6.4A] QUALITY.md scenarios: FAIL — 8 missing verification reference(s)
[Step 6.4A] QUALITY.md scenarios: FAIL — missing_methods=0 missing_paths=1
[Step 6.4A] QUALITY.md scenarios: PASS — 8 scenarios, scenario references resolve to real repository symbols
[Step 6.4B] Functional test quality: PASS — 29 tests, 6 boundary tests, 20% multi-file coverage, 50 assertions (value-level checks present)
[Step 6.4C] Protocol files: PASS — review/integration/spec-audit protocols are self-contained; integration field reference section present
[Step 6.4D] Regression tests: FAIL — xfail=quality/tests/test_bug_005_chart_overlay_gate.py:1
quality/tests/test_bug_002_forecast_targets_envelope.py:1
quality/tests/test_bug_006_probability_surface_contract_path.py:1
quality/tests/test_bug_001_intraday_fallback.py:1
quality/tests/test_bug_004_readme_port_rule.py:1
quality/tests/test_bug_003_ingest_status_vocabulary.py:1 bug_tagged=quality/tests/test_bug_005_chart_overlay_gate.py:1
quality/tests/test_bug_006_probability_surface_contract_path.py:1
quality/tests/test_bug_004_readme_port_rule.py:1
quality/tests/test_bug_003_ingest_status_vocabulary.py:1
quality/tests/test_bug_002_forecast_targets_envelope.py:1
quality/tests/test_bug_001_intraday_fallback.py:1 run_false=0
[Step 6.4D] Regression tests: PASS — xfail guards BUG-tagged (6/6), run=False usage absent
[Step 6.4E] Enumeration/triage: PASS — comparison tables present, probe evidence executable, no circular mechanical references detected
[Step 6.4F] Continuation mode: SKIP — no SEED_CHECKS.md
[Step 6.2] quality_gate.py: PASS (exit 0) — 95 checks passed, 0 FAIL, 0 WARN
[Step 6.5] Metadata consistency: PASS — requirement counts match (14), with-docs flag accurate, terminal gate present, single verdict heading
[Step 6.3] Functional tests detail: FAIL — ModuleNotFoundError: pandas while importing fusion.pipeline
